# JRE version: OpenJDK Runtime Environment (17.0.6) (build 17.0.6+0-b2043.56-10027231)
# Java VM: OpenJDK 64-Bit Server VM (17.0.6+0-b2043.56-10027231, mixed mode, tiered, compressed oops, compressed class ptrs, g1 gc, windows-amd64)
GC Precious Log:
 CPUs: 12 total, 12 available
 Memory: 5989M
 Large Page Support: Disabled
 NUMA Support: Disabled
 Compressed Oops: Enabled (32-bit)
 Heap Region Size: 1M
 Heap Min Capacity: 8M
 Heap Initial Capacity: 94M
 Heap Max Capacity: 1536M
 Pre-touch: Disabled
 Parallel Workers: 10
 Concurrent Workers: 3
 Concurrent Refinement Workers: 10
 Periodic GC: Disabled
Heap:
 garbage-first heap   total 167936K, used 137248K [0x00000000a0000000, 0x0000000100000000)
  region size 1024K, 56 young (57344K), 6 survivors (6144K)
 Metaspace       used 90608K, committed 91456K, reserved 1130496K
  class space    used 12455K, committed 12800K, reserved 1048576K
GC Heap History (20 events):
Event: 32.520 GC heap before
{Heap before GC invocations=46 (full 0):
 garbage-first heap   total 107520K, used 87518K [0x00000000a0000000, 0x0000000100000000)
  region size 1024K, 27 young (27648K), 1 survivors (1024K)
 Metaspace       used 74239K, committed 74944K, reserved 1114112K
  class space    used 10050K, committed 10368K, reserved 1048576K
}
Event: 32.524 GC heap after
{Heap after GC invocations=47 (full 0):
 garbage-first heap   total 107520K, used 63670K [0x00000000a0000000, 0x0000000100000000)
  region size 1024K, 2 young (2048K), 2 survivors (2048K)
 Metaspace       used 74239K, committed 74944K, reserved 1114112K
  class space    used 10050K, committed 10368K, reserved 1048576K
}
Event: 33.175 GC heap before
{Heap before GC invocations=47 (full 0):
 garbage-first heap   total 107520K, used 93366K [0x00000000a0000000, 0x0000000100000000)
  region size 1024K, 26 young (26624K), 2 survivors (2048K)
 Metaspace       used 75703K, committed 76288K, reserved 1122304K
  class space    used 10249K, committed 10496K, reserved 1048576K
}
Event: 33.180 GC heap after
{Heap after GC invocations=48 (full 0):
 garbage-first heap   total 107520K, used 65025K [0x00000000a0000000, 0x0000000100000000)
  region size 1024K, 4 young (4096K), 4 survivors (4096K)
 Metaspace       used 75703K, committed 76288K, reserved 1122304K
  class space    used 10249K, committed 10496K, reserved 1048576K
}
Event: 33.824 GC heap before
{Heap before GC invocations=48 (full 0):
 garbage-first heap   total 107520K, used 88577K [0x00000000a0000000, 0x0000000100000000)
  region size 1024K, 27 young (27648K), 4 survivors (4096K)
 Metaspace       used 77635K, committed 78336K, reserved 1122304K
  class space    used 10473K, committed 10752K, reserved 1048576K
}
Event: 33.853 GC heap after
{Heap after GC invocations=49 (full 0):
 garbage-first heap   total 107520K, used 66946K [0x00000000a0000000, 0x0000000100000000)
  region size 1024K, 2 young (2048K), 2 survivors (2048K)
 Metaspace       used 77635K, committed 78336K, reserved 1122304K
  class space    used 10473K, committed 10752K, reserved 1048576K
}
Event: 34.741 GC heap before
{Heap before GC invocations=49 (full 0):
 garbage-first heap   total 107520K, used 90498K [0x00000000a0000000, 0x0000000100000000)
  region size 1024K, 24 young (24576K), 2 survivors (2048K)
 Metaspace       used 79728K, committed 80448K, reserved 1122304K
  class space    used 10763K, committed 11072K, reserved 1048576K
}
Event: 34.744 GC heap after
{Heap after GC invocations=50 (full 0):
 garbage-first heap   total 107520K, used 67588K [0x00000000a0000000, 0x0000000100000000)
  region size 1024K, 3 young (3072K), 3 survivors (3072K)
 Metaspace       used 79728K, committed 80448K, reserved 1122304K
  class space    used 10763K, committed 11072K, reserved 1048576K
}
Event: 35.662 GC heap before
{Heap before GC invocations=50 (full 0):
 garbage-first heap   total 107520K, used 90116K [0x00000000a0000000, 0x0000000100000000)
  region size 1024K, 25 young (25600K), 3 survivors (3072K)
 Metaspace       used 81294K, committed 81920K, reserved 1122304K
  class space    used 10959K, committed 11264K, reserved 1048576K
}
Event: 35.671 GC heap after
{Heap after GC invocations=51 (full 0):
 garbage-first heap   total 107520K, used 69735K [0x00000000a0000000, 0x0000000100000000)
  region size 1024K, 4 young (4096K), 4 survivors (4096K)
 Metaspace       used 81294K, committed 81920K, reserved 1122304K
  class space    used 10959K, committed 11264K, reserved 1048576K
}
Event: 36.008 GC heap before
{Heap before GC invocations=51 (full 0):
 garbage-first heap   total 107520K, used 89191K [0x00000000a0000000, 0x0000000100000000)
  region size 1024K, 23 young (23552K), 4 survivors (4096K)
 Metaspace       used 81623K, committed 82368K, reserved 1122304K
  class space    used 11020K, committed 11328K, reserved 1048576K
}
Event: 36.020 GC heap after
{Heap after GC invocations=52 (full 0):
 garbage-first heap   total 107520K, used 71528K [0x00000000a0000000, 0x0000000100000000)
  region size 1024K, 2 young (2048K), 2 survivors (2048K)
 Metaspace       used 81623K, committed 82368K, reserved 1122304K
  class space    used 11020K, committed 11328K, reserved 1048576K
}
Event: 36.413 GC heap before
{Heap before GC invocations=52 (full 0):
 garbage-first heap   total 107520K, used 90984K [0x00000000a0000000, 0x0000000100000000)
  region size 1024K, 21 young (21504K), 2 survivors (2048K)
 Metaspace       used 81835K, committed 82560K, reserved 1122304K
  class space    used 11056K, committed 11392K, reserved 1048576K
}
Event: 36.423 GC heap after
{Heap after GC invocations=53 (full 0):
 garbage-first heap   total 107520K, used 72950K [0x00000000a0000000, 0x0000000100000000)
  region size 1024K, 2 young (2048K), 2 survivors (2048K)
 Metaspace       used 81835K, committed 82560K, reserved 1122304K
  class space    used 11056K, committed 11392K, reserved 1048576K
}
Event: 36.622 GC heap before
{Heap before GC invocations=53 (full 0):
 garbage-first heap   total 107520K, used 90358K [0x00000000a0000000, 0x0000000100000000)
  region size 1024K, 19 young (19456K), 2 survivors (2048K)
 Metaspace       used 81883K, committed 82624K, reserved 1122304K
  class space    used 11062K, committed 11392K, reserved 1048576K
}
Event: 36.628 GC heap after
{Heap after GC invocations=54 (full 0):
 garbage-first heap   total 167936K, used 73583K [0x00000000a0000000, 0x0000000100000000)
  region size 1024K, 2 young (2048K), 2 survivors (2048K)
 Metaspace       used 81883K, committed 82624K, reserved 1122304K
  class space    used 11062K, committed 11392K, reserved 1048576K
}
Event: 41.100 GC heap before
{Heap before GC invocations=54 (full 0):
 garbage-first heap   total 167936K, used 132975K [0x00000000a0000000, 0x0000000100000000)
  region size 1024K, 60 young (61440K), 2 survivors (2048K)
 Metaspace       used 85322K, committed 86080K, reserved 1130496K
  class space    used 11648K, committed 11968K, reserved 1048576K
}
Event: 41.139 GC heap after
{Heap after GC invocations=55 (full 0):
 garbage-first heap   total 167936K, used 77918K [0x00000000a0000000, 0x0000000100000000)
  region size 1024K, 7 young (7168K), 7 survivors (7168K)
 Metaspace       used 85322K, committed 86080K, reserved 1130496K
  class space    used 11648K, committed 11968K, reserved 1048576K
}
Event: 46.445 GC heap before
{Heap before GC invocations=55 (full 0):
 garbage-first heap   total 167936K, used 134238K [0x00000000a0000000, 0x0000000100000000)
  region size 1024K, 62 young (63488K), 7 survivors (7168K)
 Metaspace       used 89015K, committed 89792K, reserved 1130496K
  class space    used 12257K, committed 12608K, reserved 1048576K
}
Event: 46.593 GC heap after
{Heap after GC invocations=56 (full 0):
 garbage-first heap   total 167936K, used 82976K [0x00000000a0000000, 0x0000000100000000)
  region size 1024K, 6 young (6144K), 6 survivors (6144K)
 Metaspace       used 89015K, committed 89792K, reserved 1130496K
  class space    used 12257K, committed 12608K, reserved 1048576K
}

