# JRE version: OpenJDK Runtime Environment (17.0.6) (build 17.0.6+0-b2043.56-10027231)
# Java VM: OpenJDK 64-Bit Server VM (17.0.6+0-b2043.56-10027231, mixed mode, tiered, compressed oops, compressed class ptrs, g1 gc, windows-amd64)
GC Precious Log:
 CPUs: 12 total, 12 available
 Memory: 5989M
 Large Page Support: Disabled
 NUMA Support: Disabled
 Compressed Oops: Enabled (32-bit)
 Heap Region Size: 1M
 Heap Min Capacity: 8M
 Heap Initial Capacity: 94M
 Heap Max Capacity: 1536M
 Pre-touch: Disabled
 Parallel Workers: 10
 Concurrent Workers: 3
 Concurrent Refinement Workers: 10
 Periodic GC: Disabled
Heap:
 garbage-first heap   total 61440K, used 40395K [0x00000000a0000000, 0x0000000100000000)
  region size 1024K, 8 young (8192K), 1 survivors (1024K)
 Metaspace       used 48854K, committed 49216K, reserved 1097728K
  class space    used 6445K, committed 6592K, reserved 1048576K
GC Heap History (20 events):
Event: 30.501 GC heap before
{Heap before GC invocations=7 (full 0):
 garbage-first heap   total 61440K, used 43834K [0x00000000a0000000, 0x0000000100000000)
  region size 1024K, 25 young (25600K), 2 survivors (2048K)
 Metaspace       used 33441K, committed 33728K, reserved 1081344K
  class space    used 4574K, committed 4672K, reserved 1048576K
}
Event: 30.516 GC heap after
{Heap after GC invocations=8 (full 0):
 garbage-first heap   total 61440K, used 21514K [0x00000000a0000000, 0x0000000100000000)
  region size 1024K, 3 young (3072K), 3 survivors (3072K)
 Metaspace       used 33441K, committed 33728K, reserved 1081344K
  class space    used 4574K, committed 4672K, reserved 1048576K
}
Event: 30.932 GC heap before
{Heap before GC invocations=8 (full 0):
 garbage-first heap   total 61440K, used 26634K [0x00000000a0000000, 0x0000000100000000)
  region size 1024K, 9 young (9216K), 3 survivors (3072K)
 Metaspace       used 35698K, committed 35968K, reserved 1081344K
  class space    used 4732K, committed 4864K, reserved 1048576K
}
Event: 30.944 GC heap after
{Heap after GC invocations=9 (full 0):
 garbage-first heap   total 61440K, used 22600K [0x00000000a0000000, 0x0000000100000000)
  region size 1024K, 3 young (3072K), 3 survivors (3072K)
 Metaspace       used 35698K, committed 35968K, reserved 1081344K
  class space    used 4732K, committed 4864K, reserved 1048576K
}
Event: 31.668 GC heap before
{Heap before GC invocations=10 (full 0):
 garbage-first heap   total 61440K, used 43080K [0x00000000a0000000, 0x0000000100000000)
  region size 1024K, 24 young (24576K), 3 survivors (3072K)
 Metaspace       used 38549K, committed 38848K, reserved 1089536K
  class space    used 5065K, committed 5184K, reserved 1048576K
}
Event: 31.675 GC heap after
{Heap after GC invocations=11 (full 0):
 garbage-first heap   total 61440K, used 26072K [0x00000000a0000000, 0x0000000100000000)
  region size 1024K, 3 young (3072K), 3 survivors (3072K)
 Metaspace       used 38549K, committed 38848K, reserved 1089536K
  class space    used 5065K, committed 5184K, reserved 1048576K
}
Event: 32.396 GC heap before
{Heap before GC invocations=11 (full 0):
 garbage-first heap   total 61440K, used 47576K [0x00000000a0000000, 0x0000000100000000)
  region size 1024K, 22 young (22528K), 3 survivors (3072K)
 Metaspace       used 40934K, committed 41216K, reserved 1089536K
  class space    used 5331K, committed 5440K, reserved 1048576K
}
Event: 32.400 GC heap after
{Heap after GC invocations=12 (full 0):
 garbage-first heap   total 61440K, used 28650K [0x00000000a0000000, 0x0000000100000000)
  region size 1024K, 3 young (3072K), 3 survivors (3072K)
 Metaspace       used 40934K, committed 41216K, reserved 1089536K
  class space    used 5331K, committed 5440K, reserved 1048576K
}
Event: 32.870 GC heap before
{Heap before GC invocations=12 (full 0):
 garbage-first heap   total 61440K, used 46058K [0x00000000a0000000, 0x0000000100000000)
  region size 1024K, 20 young (20480K), 3 survivors (3072K)
 Metaspace       used 42072K, committed 42432K, reserved 1089536K
  class space    used 5486K, committed 5632K, reserved 1048576K
}
Event: 32.875 GC heap after
{Heap after GC invocations=13 (full 0):
 garbage-first heap   total 61440K, used 30352K [0x00000000a0000000, 0x0000000100000000)
  region size 1024K, 2 young (2048K), 2 survivors (2048K)
 Metaspace       used 42072K, committed 42432K, reserved 1089536K
  class space    used 5486K, committed 5632K, reserved 1048576K
}
Event: 33.841 GC heap before
{Heap before GC invocations=13 (full 0):
 garbage-first heap   total 61440K, used 46736K [0x00000000a0000000, 0x0000000100000000)
  region size 1024K, 19 young (19456K), 2 survivors (2048K)
 Metaspace       used 44082K, committed 44416K, reserved 1089536K
  class space    used 5821K, committed 5952K, reserved 1048576K
}
Event: 33.846 GC heap after
{Heap after GC invocations=14 (full 0):
 garbage-first heap   total 61440K, used 32120K [0x00000000a0000000, 0x0000000100000000)
  region size 1024K, 3 young (3072K), 3 survivors (3072K)
 Metaspace       used 44082K, committed 44416K, reserved 1089536K
  class space    used 5821K, committed 5952K, reserved 1048576K
}
Event: 34.131 GC heap before
{Heap before GC invocations=15 (full 0):
 garbage-first heap   total 61440K, used 38264K [0x00000000a0000000, 0x0000000100000000)
  region size 1024K, 11 young (11264K), 3 survivors (3072K)
 Metaspace       used 45037K, committed 45376K, reserved 1089536K
  class space    used 5952K, committed 6080K, reserved 1048576K
}
Event: 34.135 GC heap after
{Heap after GC invocations=16 (full 0):
 garbage-first heap   total 61440K, used 33318K [0x00000000a0000000, 0x0000000100000000)
  region size 1024K, 2 young (2048K), 2 survivors (2048K)
 Metaspace       used 45037K, committed 45376K, reserved 1089536K
  class space    used 5952K, committed 6080K, reserved 1048576K
}
Event: 34.526 GC heap before
{Heap before GC invocations=17 (full 0):
 garbage-first heap   total 61440K, used 48678K [0x00000000a0000000, 0x0000000100000000)
  region size 1024K, 16 young (16384K), 2 survivors (2048K)
 Metaspace       used 46294K, committed 46656K, reserved 1089536K
  class space    used 6058K, committed 6208K, reserved 1048576K
}
Event: 34.529 GC heap after
{Heap after GC invocations=18 (full 0):
 garbage-first heap   total 61440K, used 33967K [0x00000000a0000000, 0x0000000100000000)
  region size 1024K, 2 young (2048K), 2 survivors (2048K)
 Metaspace       used 46294K, committed 46656K, reserved 1089536K
  class space    used 6058K, committed 6208K, reserved 1048576K
}
Event: 34.563 GC heap before
{Heap before GC invocations=18 (full 0):
 garbage-first heap   total 61440K, used 34991K [0x00000000a0000000, 0x0000000100000000)
  region size 1024K, 3 young (3072K), 2 survivors (2048K)
 Metaspace       used 46423K, committed 46784K, reserved 1089536K
  class space    used 6075K, committed 6208K, reserved 1048576K
}
Event: 34.565 GC heap after
{Heap after GC invocations=19 (full 0):
 garbage-first heap   total 61440K, used 33694K [0x00000000a0000000, 0x0000000100000000)
  region size 1024K, 1 young (1024K), 1 survivors (1024K)
 Metaspace       used 46423K, committed 46784K, reserved 1089536K
  class space    used 6075K, committed 6208K, reserved 1048576K
}
Event: 36.325 GC heap before
{Heap before GC invocations=19 (full 0):
 garbage-first heap   total 61440K, used 48030K [0x00000000a0000000, 0x0000000100000000)
  region size 1024K, 15 young (15360K), 1 survivors (1024K)
 Metaspace       used 47976K, committed 48384K, reserved 1097728K
  class space    used 6320K, committed 6464K, reserved 1048576K
}
Event: 36.335 GC heap after
{Heap after GC invocations=20 (full 0):
 garbage-first heap   total 61440K, used 34251K [0x00000000a0000000, 0x0000000100000000)
  region size 1024K, 1 young (1024K), 1 survivors (1024K)
 Metaspace       used 47976K, committed 48384K, reserved 1097728K
  class space    used 6320K, committed 6464K, reserved 1048576K
}

