# JRE version: OpenJDK Runtime Environment (17.0.6) (build 17.0.6+0-b2043.56-10027231)
# Java VM: OpenJDK 64-Bit Server VM (17.0.6+0-b2043.56-10027231, mixed mode, tiered, compressed oops, compressed class ptrs, g1 gc, windows-amd64)
GC Precious Log:
 CPUs: 12 total, 12 available
 Memory: 5989M
 Large Page Support: Disabled
 NUMA Support: Disabled
 Compressed Oops: Enabled (32-bit)
 Heap Region Size: 1M
 Heap Min Capacity: 8M
 Heap Initial Capacity: 94M
 Heap Max Capacity: 1498M
 Pre-touch: Disabled
 Parallel Workers: 10
 Concurrent Workers: 3
 Concurrent Refinement Workers: 10
 Periodic GC: Disabled
Heap:
 garbage-first heap   total 96256K, used 13715K [0x00000000a2600000, 0x0000000100000000)
  region size 1024K, 4 young (4096K), 1 survivors (1024K)
 Metaspace       used 16092K, committed 16320K, reserved 1064960K
  class space    used 1842K, committed 1920K, reserved 1048576K
GC Heap History (12 events):
Event: 28.162 GC heap before
{Heap before GC invocations=0 (full 0):
 garbage-first heap   total 96256K, used 28672K [0x00000000a2600000, 0x0000000100000000)
  region size 1024K, 23 young (23552K), 0 survivors (0K)
 Metaspace       used 11304K, committed 11456K, reserved 1064960K
  class space    used 1196K, committed 1280K, reserved 1048576K
}
Event: 29.431 GC heap after
{Heap after GC invocations=1 (full 0):
 garbage-first heap   total 96256K, used 9908K [0x00000000a2600000, 0x0000000100000000)
  region size 1024K, 3 young (3072K), 3 survivors (3072K)
 Metaspace       used 11304K, committed 11456K, reserved 1064960K
  class space    used 1196K, committed 1280K, reserved 1048576K
}
Event: 32.111 GC heap before
{Heap before GC invocations=1 (full 0):
 garbage-first heap   total 96256K, used 9908K [0x00000000a2600000, 0x0000000100000000)
  region size 1024K, 4 young (4096K), 3 survivors (3072K)
 Metaspace       used 11726K, committed 11904K, reserved 1064960K
  class space    used 1261K, committed 1344K, reserved 1048576K
}
Event: 32.233 GC heap after
{Heap after GC invocations=2 (full 0):
 garbage-first heap   total 96256K, used 10341K [0x00000000a2600000, 0x0000000100000000)
  region size 1024K, 1 young (1024K), 1 survivors (1024K)
 Metaspace       used 11726K, committed 11904K, reserved 1064960K
  class space    used 1261K, committed 1344K, reserved 1048576K
}
Event: 36.818 GC heap before
{Heap before GC invocations=2 (full 0):
 garbage-first heap   total 96256K, used 13413K [0x00000000a2600000, 0x0000000100000000)
  region size 1024K, 4 young (4096K), 1 survivors (1024K)
 Metaspace       used 12486K, committed 12672K, reserved 1064960K
  class space    used 1391K, committed 1536K, reserved 1048576K
}
Event: 37.074 GC heap after
{Heap after GC invocations=3 (full 0):
 garbage-first heap   total 96256K, used 10405K [0x00000000a2600000, 0x0000000100000000)
  region size 1024K, 1 young (1024K), 1 survivors (1024K)
 Metaspace       used 12486K, committed 12672K, reserved 1064960K
  class space    used 1391K, committed 1536K, reserved 1048576K
}
Event: 48.854 GC heap before
{Heap before GC invocations=3 (full 0):
 garbage-first heap   total 96256K, used 13477K [0x00000000a2600000, 0x0000000100000000)
  region size 1024K, 4 young (4096K), 1 survivors (1024K)
 Metaspace       used 13690K, committed 13888K, reserved 1064960K
  class space    used 1567K, committed 1664K, reserved 1048576K
}
Event: 48.978 GC heap after
{Heap after GC invocations=4 (full 0):
 garbage-first heap   total 96256K, used 10567K [0x00000000a2600000, 0x0000000100000000)
  region size 1024K, 1 young (1024K), 1 survivors (1024K)
 Metaspace       used 13690K, committed 13888K, reserved 1064960K
  class space    used 1567K, committed 1664K, reserved 1048576K
}
Event: 61.144 GC heap before
{Heap before GC invocations=4 (full 0):
 garbage-first heap   total 96256K, used 13639K [0x00000000a2600000, 0x0000000100000000)
  region size 1024K, 4 young (4096K), 1 survivors (1024K)
 Metaspace       used 14866K, committed 15104K, reserved 1064960K
  class space    used 1728K, committed 1856K, reserved 1048576K
}
Event: 61.166 GC heap after
{Heap after GC invocations=5 (full 0):
 garbage-first heap   total 96256K, used 10747K [0x00000000a2600000, 0x0000000100000000)
  region size 1024K, 1 young (1024K), 1 survivors (1024K)
 Metaspace       used 14866K, committed 15104K, reserved 1064960K
  class space    used 1728K, committed 1856K, reserved 1048576K
}
Event: 68.179 GC heap before
{Heap before GC invocations=5 (full 0):
 garbage-first heap   total 96256K, used 13819K [0x00000000a2600000, 0x0000000100000000)
  region size 1024K, 4 young (4096K), 1 survivors (1024K)
 Metaspace       used 16005K, committed 16192K, reserved 1064960K
  class space    used 1838K, committed 1920K, reserved 1048576K
}
Event: 68.306 GC heap after
{Heap after GC invocations=6 (full 0):
 garbage-first heap   total 96256K, used 11667K [0x00000000a2600000, 0x0000000100000000)
  region size 1024K, 1 young (1024K), 1 survivors (1024K)
 Metaspace       used 16005K, committed 16192K, reserved 1064960K
  class space    used 1838K, committed 1920K, reserved 1048576K
}

