# JRE version: OpenJDK Runtime Environment (17.0.6) (build 17.0.6+0-b2043.56-10027231)
# Java VM: OpenJDK 64-Bit Server VM (17.0.6+0-b2043.56-10027231, mixed mode, tiered, compressed oops, compressed class ptrs, g1 gc, windows-amd64)
GC Precious Log:
 CPUs: 12 total, 12 available
 Memory: 5989M
 Large Page Support: Disabled
 NUMA Support: Disabled
 Compressed Oops: Enabled (32-bit)
 Heap Region Size: 1M
 Heap Min Capacity: 8M
 Heap Initial Capacity: 94M
 Heap Max Capacity: 1498M
 Pre-touch: Disabled
 Parallel Workers: 10
 Concurrent Workers: 3
 Concurrent Refinement Workers: 10
 Periodic GC: Disabled
Heap:
 garbage-first heap   total 96256K, used 13931K [0x00000000a2600000, 0x0000000100000000)
  region size 1024K, 4 young (4096K), 1 survivors (1024K)
 Metaspace       used 18058K, committed 18304K, reserved 1073152K
  class space    used 2056K, committed 2176K, reserved 1048576K
GC Heap History (8 events):
Event: 14.605 GC heap before
{Heap before GC invocations=0 (full 0):
 garbage-first heap   total 96256K, used 28672K [0x00000000a2600000, 0x0000000100000000)
  region size 1024K, 23 young (23552K), 0 survivors (0K)
 Metaspace       used 11301K, committed 11456K, reserved 1064960K
  class space    used 1195K, committed 1280K, reserved 1048576K
}
Event: 14.866 GC heap after
{Heap after GC invocations=1 (full 0):
 garbage-first heap   total 96256K, used 9416K [0x00000000a2600000, 0x0000000100000000)
  region size 1024K, 3 young (3072K), 3 survivors (3072K)
 Metaspace       used 11301K, committed 11456K, reserved 1064960K
  class space    used 1195K, committed 1280K, reserved 1048576K
}
Event: 19.634 GC heap before
{Heap before GC invocations=1 (full 0):
 garbage-first heap   total 96256K, used 18632K [0x00000000a2600000, 0x0000000100000000)
  region size 1024K, 12 young (12288K), 3 survivors (3072K)
 Metaspace       used 14390K, committed 14528K, reserved 1064960K
  class space    used 1671K, committed 1728K, reserved 1048576K
}
Event: 20.427 GC heap after
{Heap after GC invocations=2 (full 0):
 garbage-first heap   total 96256K, used 10193K [0x00000000a2600000, 0x0000000100000000)
  region size 1024K, 1 young (1024K), 1 survivors (1024K)
 Metaspace       used 14390K, committed 14528K, reserved 1064960K
  class space    used 1671K, committed 1728K, reserved 1048576K
}
Event: 54.720 GC heap before
{Heap before GC invocations=2 (full 0):
 garbage-first heap   total 96256K, used 15313K [0x00000000a2600000, 0x0000000100000000)
  region size 1024K, 6 young (6144K), 1 survivors (1024K)
 Metaspace       used 16722K, committed 16960K, reserved 1064960K
  class space    used 1927K, committed 2048K, reserved 1048576K
}
Event: 54.891 GC heap after
{Heap after GC invocations=3 (full 0):
 garbage-first heap   total 96256K, used 11467K [0x00000000a2600000, 0x0000000100000000)
  region size 1024K, 1 young (1024K), 1 survivors (1024K)
 Metaspace       used 16722K, committed 16960K, reserved 1064960K
  class space    used 1927K, committed 2048K, reserved 1048576K
}
Event: 57.667 GC heap before
{Heap before GC invocations=3 (full 0):
 garbage-first heap   total 96256K, used 14539K [0x00000000a2600000, 0x0000000100000000)
  region size 1024K, 4 young (4096K), 1 survivors (1024K)
 Metaspace       used 16928K, committed 17152K, reserved 1064960K
  class space    used 1936K, committed 2048K, reserved 1048576K
}
Event: 57.703 GC heap after
{Heap after GC invocations=4 (full 0):
 garbage-first heap   total 96256K, used 11883K [0x00000000a2600000, 0x0000000100000000)
  region size 1024K, 1 young (1024K), 1 survivors (1024K)
 Metaspace       used 16928K, committed 17152K, reserved 1064960K
  class space    used 1936K, committed 2048K, reserved 1048576K
}

