# JRE version: OpenJDK Runtime Environment (17.0.6) (build 17.0.6+0-b2043.56-10027231)
# Java VM: OpenJDK 64-Bit Server VM (17.0.6+0-b2043.56-10027231, mixed mode, tiered, compressed oops, compressed class ptrs, g1 gc, windows-amd64)
GC Precious Log:
 CPUs: 12 total, 12 available
 Memory: 5989M
 Large Page Support: Disabled
 NUMA Support: Disabled
 Compressed Oops: Enabled (32-bit)
 Heap Region Size: 1M
 Heap Min Capacity: 8M
 Heap Initial Capacity: 94M
 Heap Max Capacity: 1536M
 Pre-touch: Disabled
 Parallel Workers: 10
 Concurrent Workers: 3
 Concurrent Refinement Workers: 10
 Periodic GC: Disabled
Heap:
 garbage-first heap   total 158720K, used 107241K [0x00000000a0000000, 0x0000000100000000)
  region size 1024K, 6 young (6144K), 1 survivors (1024K)
 Metaspace       used 90784K, committed 91520K, reserved 1130496K
  class space    used 12547K, committed 12864K, reserved 1048576K
GC Heap History (20 events):
Event: 35.445 GC heap before
{Heap before GC invocations=38 (full 0):
 garbage-first heap   total 124928K, used 103355K [0x00000000a0000000, 0x0000000100000000)
  region size 1024K, 37 young (37888K), 5 survivors (5120K)
 Metaspace       used 80288K, committed 80896K, reserved 1122304K
  class space    used 10827K, committed 11072K, reserved 1048576K
}
Event: 35.451 GC heap after
{Heap after GC invocations=39 (full 0):
 garbage-first heap   total 124928K, used 71480K [0x00000000a0000000, 0x0000000100000000)
  region size 1024K, 3 young (3072K), 3 survivors (3072K)
 Metaspace       used 80288K, committed 80896K, reserved 1122304K
  class space    used 10827K, committed 11072K, reserved 1048576K
}
Event: 36.072 GC heap before
{Heap before GC invocations=39 (full 0):
 garbage-first heap   total 124928K, used 103224K [0x00000000a0000000, 0x0000000100000000)
  region size 1024K, 34 young (34816K), 3 survivors (3072K)
 Metaspace       used 80896K, committed 81664K, reserved 1122304K
  class space    used 10942K, committed 11264K, reserved 1048576K
}
Event: 36.082 GC heap after
{Heap after GC invocations=40 (full 0):
 garbage-first heap   total 124928K, used 74188K [0x00000000a0000000, 0x0000000100000000)
  region size 1024K, 5 young (5120K), 5 survivors (5120K)
 Metaspace       used 80896K, committed 81664K, reserved 1122304K
  class space    used 10942K, committed 11264K, reserved 1048576K
}
Event: 36.406 GC heap before
{Heap before GC invocations=40 (full 0):
 garbage-first heap   total 124928K, used 103884K [0x00000000a0000000, 0x0000000100000000)
  region size 1024K, 34 young (34816K), 5 survivors (5120K)
 Metaspace       used 80988K, committed 81664K, reserved 1122304K
  class space    used 10955K, committed 11264K, reserved 1048576K
}
Event: 36.417 GC heap after
{Heap after GC invocations=41 (full 0):
 garbage-first heap   total 124928K, used 75404K [0x00000000a0000000, 0x0000000100000000)
  region size 1024K, 2 young (2048K), 2 survivors (2048K)
 Metaspace       used 80988K, committed 81664K, reserved 1122304K
  class space    used 10955K, committed 11264K, reserved 1048576K
}
Event: 36.878 GC heap before
{Heap before GC invocations=41 (full 0):
 garbage-first heap   total 124928K, used 102028K [0x00000000a0000000, 0x0000000100000000)
  region size 1024K, 29 young (29696K), 2 survivors (2048K)
 Metaspace       used 81262K, committed 81984K, reserved 1122304K
  class space    used 10994K, committed 11328K, reserved 1048576K
}
Event: 36.883 GC heap after
{Heap after GC invocations=42 (full 0):
 garbage-first heap   total 124928K, used 78362K [0x00000000a0000000, 0x0000000100000000)
  region size 1024K, 4 young (4096K), 4 survivors (4096K)
 Metaspace       used 81262K, committed 81984K, reserved 1122304K
  class space    used 10994K, committed 11328K, reserved 1048576K
}
Event: 38.560 GC heap before
{Heap before GC invocations=43 (full 0):
 garbage-first heap   total 132096K, used 100890K [0x00000000a0000000, 0x0000000100000000)
  region size 1024K, 29 young (29696K), 4 survivors (4096K)
 Metaspace       used 83695K, committed 84416K, reserved 1122304K
  class space    used 11401K, committed 11712K, reserved 1048576K
}
Event: 38.570 GC heap after
{Heap after GC invocations=44 (full 0):
 garbage-first heap   total 132096K, used 77748K [0x00000000a0000000, 0x0000000100000000)
  region size 1024K, 2 young (2048K), 2 survivors (2048K)
 Metaspace       used 83695K, committed 84416K, reserved 1122304K
  class space    used 11401K, committed 11712K, reserved 1048576K
}
Event: 43.043 GC heap before
{Heap before GC invocations=44 (full 0):
 garbage-first heap   total 132096K, used 109492K [0x00000000a0000000, 0x0000000100000000)
  region size 1024K, 33 young (33792K), 2 survivors (2048K)
 Metaspace       used 87009K, committed 87744K, reserved 1130496K
  class space    used 11991K, committed 12288K, reserved 1048576K
}
Event: 43.061 GC heap after
{Heap after GC invocations=45 (full 0):
 garbage-first heap   total 132096K, used 79515K [0x00000000a0000000, 0x0000000100000000)
  region size 1024K, 4 young (4096K), 4 survivors (4096K)
 Metaspace       used 87009K, committed 87744K, reserved 1130496K
  class space    used 11991K, committed 12288K, reserved 1048576K
}
Event: 44.031 GC heap before
{Heap before GC invocations=45 (full 0):
 garbage-first heap   total 132096K, used 110235K [0x00000000a0000000, 0x0000000100000000)
  region size 1024K, 34 young (34816K), 4 survivors (4096K)
 Metaspace       used 88062K, committed 88832K, reserved 1130496K
  class space    used 12148K, committed 12480K, reserved 1048576K
}
Event: 44.059 GC heap after
{Heap after GC invocations=46 (full 0):
 garbage-first heap   total 132096K, used 83063K [0x00000000a0000000, 0x0000000100000000)
  region size 1024K, 5 young (5120K), 5 survivors (5120K)
 Metaspace       used 88062K, committed 88832K, reserved 1130496K
  class space    used 12148K, committed 12480K, reserved 1048576K
}
Event: 49.630 GC heap before
{Heap before GC invocations=46 (full 0):
 garbage-first heap   total 132096K, used 109687K [0x00000000a0000000, 0x0000000100000000)
  region size 1024K, 31 young (31744K), 5 survivors (5120K)
 Metaspace       used 89197K, committed 89984K, reserved 1130496K
  class space    used 12299K, committed 12608K, reserved 1048576K
}
Event: 49.882 GC heap after
{Heap after GC invocations=47 (full 0):
 garbage-first heap   total 158720K, used 87002K [0x00000000a0000000, 0x0000000100000000)
  region size 1024K, 4 young (4096K), 4 survivors (4096K)
 Metaspace       used 89197K, committed 89984K, reserved 1130496K
  class space    used 12299K, committed 12608K, reserved 1048576K
}
Event: 56.081 GC heap before
{Heap before GC invocations=48 (full 0):
 garbage-first heap   total 158720K, used 136154K [0x00000000a0000000, 0x0000000100000000)
  region size 1024K, 45 young (46080K), 4 survivors (4096K)
 Metaspace       used 90583K, committed 91392K, reserved 1130496K
  class space    used 12517K, committed 12864K, reserved 1048576K
}
Event: 56.121 GC heap after
{Heap after GC invocations=49 (full 0):
 garbage-first heap   total 158720K, used 102481K [0x00000000a0000000, 0x0000000100000000)
  region size 1024K, 6 young (6144K), 6 survivors (6144K)
 Metaspace       used 90583K, committed 91392K, reserved 1130496K
  class space    used 12517K, committed 12864K, reserved 1048576K
}
Event: 56.152 GC heap before
{Heap before GC invocations=49 (full 0):
 garbage-first heap   total 158720K, used 103505K [0x00000000a0000000, 0x0000000100000000)
  region size 1024K, 7 young (7168K), 6 survivors (6144K)
 Metaspace       used 90599K, committed 91392K, reserved 1130496K
  class space    used 12518K, committed 12864K, reserved 1048576K
}
Event: 56.170 GC heap after
{Heap after GC invocations=50 (full 0):
 garbage-first heap   total 158720K, used 103145K [0x00000000a0000000, 0x0000000100000000)
  region size 1024K, 1 young (1024K), 1 survivors (1024K)
 Metaspace       used 90599K, committed 91392K, reserved 1130496K
  class space    used 12518K, committed 12864K, reserved 1048576K
}

